total 76761
-rw-r--r--  1 yizaq    mkpasswd         220 Jul 16  2008 1
-rwx------+ 1 yizaq    mkpasswd        3308 Feb  9 12:04 4_2_2NACS_integ_issue_details.zip
----------+ 1 yizaq    mkpasswd     4206013 Dec 31 18:33 559949-PyEyeGui1_32_Dist.zip
----------+ 1 yizaq    mkpasswd     2730247 Jul 28  2008 627032-Artifacts.zip
-rwx------+ 1 yizaq    mkpasswd      445406 Jun 11  2008 66 - Robie Williams - Shes the one.pdf
-rwx------+ 1 yizaq    mkpasswd     9733640 May 17 15:53 ACS installation.zip
-rwx------+ 1 yizaq    mkpasswd      619411 Sep 22  2008 ACSADAgent_MSCHAP_PAP_AD_DOWN.log
-rwx------+ 1 yizaq    mkpasswd      376831 Sep 22  2008 ACSADAgent_PAP_ACSCompDisabled.log
-rwx------+ 1 yizaq    mkpasswd        4017 Sep 22  2008 ACSLogs_AD.txt
-rwx------+ 1 yizaq    mkpasswd       98494 May 15 13:54 ActiveDirectoryClient.cpp
-rwx------+ 1 yizaq    mkpasswd      228861 Jun 11  2008 American Pie (Don MacLean) (PARTITURA - SHEET MUSIC - NOTEN - PARTITION - SPARTITI).pdf
-rwx------+ 1 yizaq    mkpasswd      114038 May  5 11:02 CLI.ZIP
-rwx------+ 1 yizaq    mkpasswd      818976 Nov 20  2008 CSCsv85457.zip
-rwx------+ 1 yizaq    mkpasswd     6837453 Apr 17  2008 Centrify_Documentation.zip
-rwx------+ 1 yizaq    mkpasswd     4571518 Jan 20 10:46 Documentation.zip
-rwx------+ 1 yizaq    mkpasswd     1446687 Jun 11  2008 Evanescence - Going Under (Partition Score Piano).pdf
-rwx------+ 1 yizaq    mkpasswd       16384 Apr 20 17:05 KB_perl.swp
drwx------+ 5 yizaq    mkpasswd           0 Jan 20 17:10 Module-CoreList-2.17
-rwx------+ 1 yizaq    mkpasswd      430842 Jun 11  2008 My Immortal - Evanescence Piano Sheet Music(2).pdf
-rwx------+ 1 yizaq    mkpasswd      574640 Apr 10  2008 NTN Meeting Rooms Map.jpg
----------+ 1 yizaq    mkpasswd     5603025 May 11 16:37 PianoSheet1.zip
-rw-r--r--  1 yizaq    mkpasswd      322157 Nov 21  2007 PyEye-1.31.tar.gz
drwx------+ 4 yizaq    mkpasswd           0 Feb  7  2008 PyEyeGuiDist
-rwx------+ 1 yizaq    mkpasswd     8152905 Nov 26  2007 PyEyeGuiDist.zip
-rwx------+ 1 yizaq    mkpasswd      285415 Nov 22  2007 PyEyeSource.zip
----------+ 1 yizaq    mkpasswd      272682 Apr 26 16:35 Qwerty.zip
-rwx------+ 1 yizaq    mkpasswd     1056690 May 25 16:49 Readme.zip
drwx------+ 5 yizaq    mkpasswd           0 Aug  3  2008 SendPac
-rwx------+ 1 yizaq    mkpasswd        1460 Aug  3  2008 TestPlain.cpp
-rwx------+ 1 yizaq    mkpasswd        5632 Mar  5  2008 Thumbs.db
-rwx------+ 1 yizaq    mkpasswd       33940 May 15 13:54 ToCentrify.ZIP
-rwx------+ 1 yizaq    mkpasswd     3013970 Apr 21  2008 Version 3.6.4 CTS and Machine Authentication.zip
-rwx------+ 1 yizaq    mkpasswd     2001424 Apr 14 11:08 WL_KB_V1_00.ZIP
-rwx------+ 1 yizaq    mkpasswd     6640456 Dec  9 11:14 backup_9_Dec_2008.bz2
drwxr-xr-x+ 2 ???????? Users              0 May 31 11:50 backups
drwx------+ 2 yizaq    mkpasswd           0 May 17 14:27 builds
-rwx------+ 1 yizaq    mkpasswd       71157 May 15 13:49 centrifydc.conf
drwx------+ 2 yizaq    mkpasswd           0 Apr 22  2008 citation
-rwx------+ 1 yizaq    mkpasswd      942248 May 10 14:26 code_drop_README.zip
drwx------+ 2 yizaq    mkpasswd           0 Jan 15 17:19 cscope.28936
-rwxr-x---+ 1 ???????? Users          19551 Mar  3  2007 dom-III_nation_guides.zip
-rwxr-x---+ 1 ???????? Users          95383 Mar  3  2007 dom-I_nation_guide.zip
drwx------+ 2 ???????? Domain Users       0 Apr  6  2008 domIII
-rwx------+ 1 yizaq    mkpasswd       51842 Dec 22 12:01 domIII_wraithlord_message10_12_2008.zip
drwx------+ 2 yizaq    mkpasswd           0 Jul 10  2008 dominions3
-rwx------+ 1 yizaq    mkpasswd     1576556 Dec 17 16:19 dominionsKB.ZIP
-rwx------+ 1 yizaq    mkpasswd        1452 Dec 31 17:55 ea_hinnom_icon.gif
-rwx------+ 1 yizaq    mkpasswd        3370 Nov  5  2008 fama173.jpg
----------+ 1 yizaq    mkpasswd     3687388 Mar  4 18:08 freeradius-server-2.1.3.tar.gz
-rwx------+ 1 yizaq    mkpasswd      428691 May  6 11:43 html.zip
-rwx------+ 1 yizaq    mkpasswd        1445 Dec 31 17:55 la_bogarus_icon.gif
-rwx------+ 1 yizaq    mkpasswd        1596 Dec 31 17:55 la_gath_icon.gif
-rwx------  1 yizaq    mkpasswd       97298 Jun 25  2008 lich.gif
-rwx------+ 1 yizaq    mkpasswd     1082455 May 18 21:22 logs.zip
-rwx------+ 1 yizaq    mkpasswd        1599 Dec 31 17:55 ma_ashdod_icon.gif
-rwx------+ 1 yizaq    mkpasswd         124 Apr 13  2008 makec
drwx------+ 4 ???????? Domain Users       0 Jul 28  2008 movies
drwx------+ 2 yizaq    mkpasswd           0 May 11 16:58 music
-rwx------+ 1 yizaq    mkpasswd         296 Jun 12  2008 oritd.pac
-rwx------+ 1 yizaq    mkpasswd     5528880 Jul  3  2008 performance_files.zip
-rwx------+ 1 yizaq    mkpasswd     1426711 Nov 22  2007 py_eye.zip
-rw-r--r--  1 yizaq    mkpasswd         381 Jul 16  2008 res
----------+ 1 yizaq    mkpasswd        7455 Jun 16  2008 returns4.zip
-rwx------+ 1 yizaq    mkpasswd      121430 May 19 12:19 savedgames.zip
drwx------+ 2 yizaq    mkpasswd           0 Mar 26 15:49 send
-rw-------  1 yizaq    mkpasswd           0 Sep  1  2008 sh-thd-1220279507
-rw-------  1 yizaq    mkpasswd          53 Dec  7 15:14 sh-thd-1228653294
-rw-r--r--  1 yizaq    mkpasswd        1125 Aug 31  2008 stam
-rwx------+ 1 yizaq    mkpasswd         990 Sep 17  2008 syslog.conf
drwx------+ 5 yizaq    mkpasswd           0 Jan  6 14:42 temp
-rw-r--r--  1 yizaq    mkpasswd         248 Jul 16  2008 testMulti.bash
-rwx------+ 1 yizaq    mkpasswd        1274 Dec 18 10:26 util.zip
drwx------+ 2 yizaq    mkpasswd           0 Mar 30 16:18 v101289
drwx------+ 2 yizaq    mkpasswd           0 Apr  7 10:49 v103544
drwx------+ 2 yizaq    mkpasswd           0 Jul 15  2008 v115424
drwx------+ 2 yizaq    mkpasswd           0 Jun 22  2008 v124861
drwx------+ 2 yizaq    mkpasswd           0 Jul 17  2008 v134515
drwx------+ 2 yizaq    mkpasswd           0 Sep 11  2008 v138056
drwx------+ 2 yizaq    mkpasswd           0 Sep 11  2008 v140167
drwx------+ 2 yizaq    mkpasswd           0 Sep 11  2008 v140614
drwx------+ 2 yizaq    mkpasswd           0 Sep 11  2008 v141574
drwx------+ 2 yizaq    mkpasswd           0 May 12 13:40 v150742
drwx------+ 2 yizaq    mkpasswd           0 Jun 23  2008 v151866
drwx------+ 2 yizaq    mkpasswd           0 Sep 10  2008 v156715
drwx------+ 2 yizaq    mkpasswd           0 Dec  1 17:36 v161359
drwx------+ 2 yizaq    mkpasswd           0 Dec 11 18:27 v16401
drwx------+ 2 yizaq    mkpasswd           0 Nov 19  2008 v20839
drwx------+ 2 yizaq    mkpasswd           0 Nov 23  2008 v21733
drwx------+ 2 yizaq    mkpasswd           0 Jan 29 09:52 v235112
drwx------+ 2 yizaq    mkpasswd           0 Apr 20 10:51 v238500
drwx------+ 2 yizaq    mkpasswd           0 Apr 20 11:41 v238723
drwx------+ 2 yizaq    mkpasswd           0 May 13 20:55 v242248
drwx------+ 2 yizaq    mkpasswd           0 May 13 20:54 v243715
drwx------+ 2 yizaq    mkpasswd           0 Apr 20 18:31 v244008
drwx------+ 2 yizaq    mkpasswd           0 Apr 20 18:32 v244563
drwx------+ 2 yizaq    mkpasswd           0 Dec 11 14:53 v2470
drwx------+ 2 yizaq    mkpasswd           0 Dec 14 10:38 v253214
drwx------+ 2 yizaq    mkpasswd           0 Apr 20 17:19 v259222
drwx------+ 2 yizaq    mkpasswd           0 May 25 16:40 v260172
drwx------+ 2 yizaq    mkpasswd           0 May 25 16:41 v263144
drwx------+ 2 yizaq    mkpasswd           0 Jul 28  2008 v268127
drwx------+ 2 yizaq    mkpasswd           0 Dec 14 11:58 v268135
drwx------+ 2 yizaq    mkpasswd           0 Dec 14 18:53 v271458
drwx------+ 2 yizaq    mkpasswd           0 Dec 11 14:53 v27310
drwx------+ 2 yizaq    mkpasswd           0 Jan 18 11:30 v275214
drwx------+ 2 yizaq    mkpasswd           0 May 20  2008 v277181
drwx------+ 2 yizaq    mkpasswd           0 Jan 18 11:40 v277257
drwx------+ 2 yizaq    mkpasswd           0 May 20  2008 v278072
drwx------+ 2 yizaq    mkpasswd           0 Jan 18 11:29 v278188
drwx------+ 2 yizaq    mkpasswd           0 Jan 18 11:41 v279057
drwx------+ 2 yizaq    mkpasswd           0 Dec 23 10:49 v28353
drwx------+ 2 yizaq    mkpasswd           0 Dec 14 20:48 v285009
drwx------+ 2 yizaq    mkpasswd           0 Oct  6  2008 v287373
drwx------+ 2 yizaq    mkpasswd           0 Oct 29  2008 v291055
drwx------+ 2 yizaq    mkpasswd           0 May 26  2008 v296029
drwx------+ 2 yizaq    mkpasswd           0 Jan 18 18:34 v302660
drwx------+ 2 yizaq    mkpasswd           0 Apr 21 11:36 v305950
drwx------+ 2 yizaq    mkpasswd           0 Apr 21 11:37 v306448
drwx------+ 2 yizaq    mkpasswd           0 Jan 18 20:58 v306945
drwx------+ 2 yizaq    mkpasswd           0 Oct  6  2008 v307263
drwx------+ 2 yizaq    mkpasswd           0 Jul 20  2008 v307707
drwx------+ 2 yizaq    mkpasswd           0 Jul 17  2008 v307972
drwx------+ 2 yizaq    mkpasswd           0 Jan 22 18:27 v308031
drwx------+ 2 yizaq    mkpasswd           0 Oct  7  2008 v308472
drwx------+ 2 yizaq    mkpasswd           0 Oct  6  2008 v308879
drwx------+ 2 yizaq    mkpasswd           0 Dec  3 17:46 v322198
drwx------+ 2 yizaq    mkpasswd           0 May  3 10:21 v341029
drwx------+ 2 yizaq    mkpasswd           0 May  3 10:21 v341584
drwx------+ 2 yizaq    mkpasswd           0 May 26 14:10 v341799
drwx------+ 2 yizaq    mkpasswd           0 Jun 24  2008 v342267
drwx------+ 2 yizaq    mkpasswd           0 May 28 12:52 v346243
drwx------+ 2 yizaq    mkpasswd           0 Oct 30  2008 v362094
drwx------+ 2 yizaq    mkpasswd           0 Oct 30  2008 v362673
drwx------+ 2 yizaq    mkpasswd           0 Dec 15 15:43 v364572
drwx------+ 2 yizaq    mkpasswd           0 Dec 15 17:17 v368834
drwx------+ 2 yizaq    mkpasswd           0 May 29  2008 v373073
drwx------+ 2 yizaq    mkpasswd           0 Oct 30  2008 v392015
drwx------+ 2 yizaq    mkpasswd           0 Jun 25  2008 v419927
drwx------+ 2 yizaq    mkpasswd           0 Jun 25  2008 v420425
drwx------+ 2 yizaq    mkpasswd           0 Nov 11  2008 v424015
drwx------+ 2 yizaq    mkpasswd           0 Jan 15 17:19 v42569
drwx------+ 2 yizaq    mkpasswd           0 May 27 12:05 v427388
drwx------+ 2 yizaq    mkpasswd           0 Aug 22  2008 v431582
drwx------+ 2 yizaq    mkpasswd           0 Oct 19  2008 v434937
drwx------+ 2 yizaq    mkpasswd           0 Aug 22  2008 v437931
drwx------+ 2 yizaq    mkpasswd           0 May  4 19:55 v460948
drwx------+ 2 yizaq    mkpasswd           0 May  4 19:54 v461895
drwx------+ 2 yizaq    mkpasswd           0 May  4 18:34 v471531
drwx------+ 2 yizaq    mkpasswd           0 May  4 18:34 v472588
drwx------+ 2 yizaq    mkpasswd           0 Nov 30  2008 v47448
drwx------+ 2 yizaq    mkpasswd           0 Jun 26  2008 v479692
drwx------+ 2 yizaq    mkpasswd           0 Dec  1 13:53 v48231
drwx------+ 2 yizaq    mkpasswd           0 Dec 23 10:48 v48475
drwx------+ 2 yizaq    mkpasswd           0 Jun 26  2008 v486336
drwx------+ 2 yizaq    mkpasswd           0 Jun 26  2008 v490399
drwx------+ 2 yizaq    mkpasswd           0 Jun 26  2008 v491309
drwx------+ 2 yizaq    mkpasswd           0 Feb  1 10:28 v491795
drwx------+ 2 yizaq    mkpasswd           0 Feb  1 10:28 v492394
drwx------+ 2 yizaq    mkpasswd           0 Jan 20 17:13 v494787
drwx------+ 2 yizaq    mkpasswd           0 May 22  2008 v500983
drwx------+ 2 yizaq    mkpasswd           0 Mar 31 17:09 v521298
drwx------+ 2 yizaq    mkpasswd           0 Feb  3 10:38 v522183
drwx------+ 2 yizaq    mkpasswd           0 Mar 31 17:08 v523851
drwx------+ 2 yizaq    mkpasswd           0 Aug  3  2008 v551358
drwx------+ 2 yizaq    mkpasswd           0 Aug 24  2008 v568996
drwx------+ 2 yizaq    mkpasswd           0 Aug 24  2008 v571231
drwx------+ 2 yizaq    mkpasswd           0 Apr  7  2008 v582700
drwx------+ 2 yizaq    mkpasswd           0 Nov 13  2008 v585928
drwx------+ 2 yizaq    mkpasswd           0 Aug 24  2008 v590687
drwx------+ 2 yizaq    mkpasswd           0 Aug 24  2008 v592771
drwx------+ 2 yizaq    mkpasswd           0 Sep 28  2008 v594611
drwx------+ 2 yizaq    mkpasswd           0 Apr  1 12:12 v596971
drwx------+ 2 yizaq    mkpasswd           0 Sep 28  2008 v616566
drwx------+ 2 yizaq    mkpasswd           0 Sep 28  2008 v617413
drwx------+ 2 yizaq    mkpasswd           0 Sep 28  2008 v617811
drwx------+ 2 yizaq    mkpasswd           0 May 11 18:40 v62054
drwx------+ 2 yizaq    mkpasswd           0 Nov  2  2008 v624383
drwx------+ 2 yizaq    mkpasswd           0 Nov  2  2008 v624866
drwx------+ 2 yizaq    mkpasswd           0 Jan  4 10:46 v62639
drwx------+ 2 yizaq    mkpasswd           0 Sep 16  2008 v629386
drwx------+ 2 yizaq    mkpasswd           0 Dec 30 10:42 v643580
drwx------+ 2 yizaq    mkpasswd           0 Dec 30 10:42 v654997
drwx------+ 2 yizaq    mkpasswd           0 Dec 30 17:28 v656017
drwx------+ 2 yizaq    mkpasswd           0 Dec  7 15:16 v658371
drwx------+ 2 yizaq    mkpasswd           0 Apr  9  2008 v662359
drwx------+ 2 yizaq    mkpasswd           0 Apr  8  2008 v664357
drwx------+ 2 yizaq    mkpasswd           0 May 29  2008 v67367
drwx------+ 2 yizaq    mkpasswd           0 Sep 29  2008 v689334
drwx------+ 2 yizaq    mkpasswd           0 Nov  3  2008 v707339
drwx------+ 2 yizaq    mkpasswd           0 Nov  3  2008 v707713
drwx------+ 2 yizaq    mkpasswd           0 Nov  3  2008 v709050
drwx------+ 2 yizaq    mkpasswd           0 Feb 15 11:40 v714194
drwx------+ 2 yizaq    mkpasswd           0 Dec  8 10:47 v730588
drwx------+ 2 yizaq    mkpasswd           0 Nov  3  2008 v730643
drwx------+ 2 yizaq    mkpasswd           0 Dec  8 10:46 v731836
drwx------+ 2 yizaq    mkpasswd           0 Apr 13  2008 v75634
drwx------+ 2 yizaq    mkpasswd           0 May 31 11:32 v762805
drwx------+ 2 yizaq    mkpasswd           0 May 31 11:46 v763804
drwx------+ 2 yizaq    mkpasswd           0 May 31 11:33 v763936
drwx------+ 2 yizaq    mkpasswd           0 May 31 11:47 v765339
drwx------+ 2 yizaq    mkpasswd           0 Aug  3  2008 v766700
drwx------+ 2 yizaq    mkpasswd           0 Aug  3  2008 v769360
drwx------+ 2 yizaq    mkpasswd           0 Aug  3  2008 v772948
drwx------+ 2 yizaq    mkpasswd           0 Aug  3  2008 v773839
drwx------+ 2 yizaq    mkpasswd           0 Aug  3  2008 v775039
drwx------+ 2 yizaq    mkpasswd           0 Aug  4  2008 v776526
drwx------+ 2 yizaq    mkpasswd           0 Apr 26 22:19 v779772
drwx------+ 2 yizaq    mkpasswd           0 Apr 13  2008 v78137
drwx------+ 2 yizaq    mkpasswd           0 Jan  1 11:26 v804507
drwx------+ 2 yizaq    mkpasswd           0 Nov 27  2008 v805194
drwx------+ 2 yizaq    mkpasswd           0 Aug  3  2008 v806848
drwx------+ 2 yizaq    mkpasswd           0 Nov  4  2008 v809593
drwx------+ 2 yizaq    mkpasswd           0 Nov  4  2008 v812908
drwx------+ 2 yizaq    mkpasswd           0 Jan  1 11:26 v826776
drwx------+ 2 yizaq    mkpasswd           0 May 29  2008 v83011
drwx------+ 2 yizaq    mkpasswd           0 Jun 30  2008 v837686
drwx------+ 2 yizaq    mkpasswd           0 Dec  9 15:04 v842243
drwx------+ 2 yizaq    mkpasswd           0 Dec  9 15:03 v843568
drwx------+ 2 yizaq    mkpasswd           0 Apr 10  2008 v845725
drwx------+ 2 yizaq    mkpasswd           0 Apr 10  2008 v846861
drwx------+ 2 yizaq    mkpasswd           0 Nov 16  2008 v853188
drwx------+ 2 yizaq    mkpasswd           0 Nov 16  2008 v853507
drwx------+ 2 yizaq    mkpasswd           0 Dec 21 11:51 v857385
drwx------+ 2 yizaq    mkpasswd           0 Dec 21 12:11 v857555
drwx------+ 2 yizaq    mkpasswd           0 Oct  3  2008 v86156
drwx------+ 2 yizaq    mkpasswd           0 Jun  1 11:56 v862996
drwx------+ 2 yizaq    mkpasswd           0 Jun  1 14:34 v864003
drwx------+ 2 yizaq    mkpasswd           0 Apr 16 11:55 v872427
drwx------+ 2 yizaq    mkpasswd           0 Apr 16 11:08 v875160
drwx------+ 2 yizaq    mkpasswd           0 Jan 25 11:12 v877747
drwx------+ 2 yizaq    mkpasswd           0 Aug 16  2008 v877760
drwx------+ 2 yizaq    mkpasswd           0 Aug 16  2008 v878158
drwx------+ 2 yizaq    mkpasswd           0 Dec 21 18:20 v885470
drwx------+ 2 yizaq    mkpasswd           0 Jan 25 11:12 v896890
drwx------+ 2 yizaq    mkpasswd           0 Jan  2 13:14 v898762
drwx------+ 2 yizaq    mkpasswd           0 Jan  2 13:13 v899849
drwx------+ 2 yizaq    mkpasswd           0 Jan 25 15:40 v910524
drwx------+ 2 yizaq    mkpasswd           0 Apr 16 22:21 v914856
drwx------+ 2 yizaq    mkpasswd           0 Apr 16 22:22 v914881
drwx------+ 2 yizaq    mkpasswd           0 Oct  2  2008 v934975
drwx------+ 2 yizaq    mkpasswd           0 Oct  2  2008 v936147
drwx------+ 2 yizaq    mkpasswd           0 Apr 23  2008 v940675
drwx------+ 2 yizaq    mkpasswd           0 Jul 13  2008 v940855
drwx------+ 2 yizaq    mkpasswd           0 Apr 23  2008 v944097
drwx------+ 2 yizaq    mkpasswd           0 Jul 13  2008 v944109
drwx------+ 2 yizaq    mkpasswd           0 Nov 19  2008 v94916
drwx------+ 2 yizaq    mkpasswd           0 Jul 13  2008 v953469
drwx------+ 2 yizaq    mkpasswd           0 Apr  5 18:07 v958389
drwx------+ 2 yizaq    mkpasswd           0 Apr  5 18:07 v963879
drwx------+ 2 yizaq    mkpasswd           0 Aug 28  2008 v967722
drwx------+ 2 yizaq    mkpasswd           0 Jan 26 10:37 v970839
drwx------+ 2 yizaq    mkpasswd           0 Jan 26 10:36 v970891
drwx------+ 2 yizaq    mkpasswd           0 Aug 17  2008 v973203
drwx------+ 2 yizaq    mkpasswd           0 Aug 17  2008 v975320
drwx------+ 2 yizaq    mkpasswd           0 Aug 17  2008 v976854
drwx------+ 2 yizaq    mkpasswd           0 Nov  6  2008 v988553
drwx------+ 2 yizaq    mkpasswd           0 Nov  6  2008 v989246
drwx------+ 2 yizaq    mkpasswd           0 Feb 18 15:58 v991419
drwx------+ 2 yizaq    mkpasswd           0 Nov  6  2008 v992453
drwx------+ 2 yizaq    mkpasswd           0 Apr  7 10:49 v99874
-rwx------+ 1 yizaq    mkpasswd     2696632 Apr  9  2008 yizaq_vim.zip
